<?xml version="1.0" encoding="UTF-8"?>
<testng-results ignored="0" total="1" passed="1" failed="0" skipped="0">
  <reporter-output>
  </reporter-output>
  <suite started-at="2023-02-05T19:01:06 EST" name="Default suite" finished-at="2023-02-05T19:01:18 EST" duration-ms="11254">
    <groups>
    </groups>
    <test started-at="2023-02-05T19:01:06 EST" name="Default test" finished-at="2023-02-05T19:01:18 EST" duration-ms="11254">
      <class name="kwdfDemos.MyTest">
        <test-method signature="SampleTest()[pri:0, instance:kwdfDemos.MyTest@75d3a5e0]" started-at="2023-02-05T19:01:06 EST" name="SampleTest" finished-at="2023-02-05T19:01:18 EST" duration-ms="11204" status="PASS">
          <reporter-output>
          </reporter-output>
        </test-method> <!-- SampleTest -->
      </class> <!-- kwdfDemos.MyTest -->
    </test> <!-- Default test -->
  </suite> <!-- Default suite -->
</testng-results>
