<?xml version="1.0" encoding="UTF-8"?>
<testng-results ignored="0" total="1" passed="1" failed="0" skipped="0">
  <reporter-output>
  </reporter-output>
  <suite started-at="2023-02-02T22:36:46 EST" name="Default suite" finished-at="2023-02-02T22:36:53 EST" duration-ms="7006">
    <groups>
    </groups>
    <test started-at="2023-02-02T22:36:46 EST" name="Default test" finished-at="2023-02-02T22:36:53 EST" duration-ms="7006">
      <class name="testNGDemos.UsingAnnotations2">
        <test-method signature="getGmail()[pri:0, instance:testNGDemos.UsingAnnotations2@696da30b]" started-at="2023-02-02T22:36:46 EST" name="getGmail" finished-at="2023-02-02T22:36:53 EST" duration-ms="6978" status="PASS">
          <reporter-output>
          </reporter-output>
        </test-method> <!-- getGmail -->
      </class> <!-- testNGDemos.UsingAnnotations2 -->
    </test> <!-- Default test -->
  </suite> <!-- Default suite -->
</testng-results>
